<?xml version="1.0" encoding="utf-8"?><testsuites name="pytest tests"><testsuite name="pytest" errors="0" failures="0" skipped="0" tests="85" time="1.054" timestamp="2026-09-18T09:36:27.439153-04:00" hostname="localhost"><testcase classname="tests.test_gridwise" name="test_public_optimal_cost_and_replay[SAMPLE-01]" time="0.004" /><testcase classname="tests.test_gridwise" name="test_public_optimal_cost_and_replay[SAMPLE-02]" time="0.004" /><testcase classname="tests.test_gridwise" name="test_public_optimal_cost_and_replay[SAMPLE-03]" time="0.002" /><testcase classname="tests.test_gridwise" name="test_public_optimal_cost_and_replay[SAMPLE-04]" time="0.003" /><testcase classname="tests.test_gridwise" name="test_public_optimal_cost_and_replay[SAMPLE-05]" time="0.004" /><testcase classname="tests.test_gridwise" name="test_public_optimal_cost_and_replay[SAMPLE-06]" time="0.003" /><testcase classname="tests.test_gridwise" name="test_public_optimal_cost_and_replay[SAMPLE-07]" time="0.003" /><testcase classname="tests.test_gridwise" name="test_public_optimal_cost_and_replay[SAMPLE-08]" time="0.002" /><testcase classname="tests.test_gridwise" name="test_public_optimal_cost_and_replay[SAMPLE-09]" time="0.003" /><testcase classname="tests.test_gridwise" name="test_public_optimal_cost_and_replay[SAMPLE-10]" time="0.003" /><testcase classname="tests.test_gridwise" name="test_full_api_with_mocked_llm[SAMPLE-01]" time="0.036" /><testcase classname="tests.test_gridwise" name="test_full_api_with_mocked_llm[SAMPLE-02]" time="0.020" /><testcase classname="tests.test_gridwise" name="test_full_api_with_mocked_llm[SAMPLE-03]" time="0.023" /><testcase classname="tests.test_gridwise" name="test_full_api_with_mocked_llm[SAMPLE-04]" time="0.020" /><testcase classname="tests.test_gridwise" name="test_full_api_with_mocked_llm[SAMPLE-05]" time="0.020" /><testcase classname="tests.test_gridwise" name="test_full_api_with_mocked_llm[SAMPLE-06]" time="0.017" /><testcase classname="tests.test_gridwise" name="test_full_api_with_mocked_llm[SAMPLE-07]" time="0.018" /><testcase classname="tests.test_gridwise" name="test_full_api_with_mocked_llm[SAMPLE-08]" time="0.018" /><testcase classname="tests.test_gridwise" name="test_full_api_with_mocked_llm[SAMPLE-09]" time="0.015" /><testcase classname="tests.test_gridwise" name="test_full_api_with_mocked_llm[SAMPLE-10]" time="0.024" /><testcase classname="tests.test_gridwise" name="test_malformed_input[{]" time="0.008" /><testcase classname="tests.test_gridwise" name="test_malformed_input[null]" time="0.008" /><testcase classname="tests.test_gridwise" name="test_malformed_input[[]]" time="0.007" /><testcase classname="tests.test_gridwise" name="test_malformed_input[{&quot;value&quot;:NaN}]" time="0.008" /><testcase classname="tests.test_gridwise" name="test_malformed_input[{&quot;value&quot;:Infinity}]" time="0.012" /><testcase classname="tests.test_gridwise" name="test_malformed_input[not JSON]" time="0.007" /><testcase classname="tests.test_gridwise" name="test_invalid_structure[duplicate_hour]" time="0.009" /><testcase classname="tests.test_gridwise" name="test_invalid_structure[bool_hour]" time="0.007" /><testcase classname="tests.test_gridwise" name="test_invalid_structure[string_number]" time="0.008" /><testcase classname="tests.test_gridwise" name="test_invalid_structure[empty_note]" time="0.008" /><testcase classname="tests.test_gridwise" name="test_invalid_structure[missing_battery]" time="0.007" /><testcase classname="tests.test_gridwise" name="test_invalid_structure[giant_number]" time="0.008" /><testcase classname="tests.test_gridwise" name="test_semantic_errors" time="0.008" /><testcase classname="tests.test_gridwise" name="test_no_provider_not_ready" time="0.007" /><testcase classname="tests.test_gridwise" name="test_provider_outage_never_becomes_noop" time="0.007" /><testcase classname="tests.test_gridwise" name="test_invalid_model_json_never_becomes_noop" time="0.007" /><testcase classname="tests.test_gridwise" name="test_replay_failure_blocks_success" time="0.015" /><testcase classname="tests.test_gridwise" name="test_infeasible_constraints_are_not_dropped" time="0.012" /><testcase classname="tests.test_gridwise" name="test_bad_note_mapping_rejected[indices0]" time="0.000" /><testcase classname="tests.test_gridwise" name="test_bad_note_mapping_rejected[indices1]" time="0.000" /><testcase classname="tests.test_gridwise" name="test_bad_note_mapping_rejected[indices2]" time="0.000" /><testcase classname="tests.test_gridwise" name="test_bad_note_mapping_rejected[indices3]" time="0.000" /><testcase classname="tests.test_gridwise" name="test_bad_note_mapping_rejected[indices4]" time="0.000" /><testcase classname="tests.test_gridwise" name="test_bad_note_mapping_rejected[indices5]" time="0.000" /><testcase classname="tests.test_gridwise" name="test_guardrail_percent_precision_and_hours" time="0.000" /><testcase classname="tests.test_gridwise" name="test_guardrails_reject_bad_output[raw0]" time="0.000" /><testcase classname="tests.test_gridwise" name="test_guardrails_reject_bad_output[raw1]" time="0.000" /><testcase classname="tests.test_gridwise" name="test_guardrails_reject_bad_output[raw2]" time="0.000" /><testcase classname="tests.test_gridwise" name="test_guardrails_reject_bad_output[raw3]" time="0.000" /><testcase classname="tests.test_gridwise" name="test_guardrails_reject_bad_output[raw4]" time="0.000" /><testcase classname="tests.test_gridwise" name="test_guardrails_reject_bad_output[raw5]" time="0.000" /><testcase classname="tests.test_gridwise" name="test_guardrails_reject_bad_output[raw6]" time="0.000" /><testcase classname="tests.test_gridwise" name="test_guardrails_reject_bad_output[raw7]" time="0.000" /><testcase classname="tests.test_gridwise" name="test_guardrails_reject_bad_output[raw8]" time="0.000" /><testcase classname="tests.test_gridwise" name="test_guardrails_reject_bad_output[raw9]" time="0.000" /><testcase classname="tests.test_gridwise" name="test_cache_uses_context_and_battery" time="0.000" /><testcase classname="tests.test_gridwise" name="test_backup_before_primary_retry" time="0.001" /><testcase classname="tests.test_gridwise" name="test_partial_retry_preserves_original_note_indices" time="0.000" /><testcase classname="tests.test_gridwise" name="test_hanging_provider_is_bounded" time="0.021" /><testcase classname="tests.test_gridwise" name="test_actual_http_wire_format[openai]" time="0.003" /><testcase classname="tests.test_gridwise" name="test_actual_http_wire_format[anthropic]" time="0.002" /><testcase classname="tests.test_gridwise" name="test_provider_errors_do_not_leak_body" time="0.000" /><testcase classname="tests.test_gridwise" name="test_zero_capacity_and_zero_tariffs" time="0.002" /><testcase classname="tests.test_gridwise" name="test_tiny_tariffs_are_not_distorted_by_cycle_penalty" time="0.002" /><testcase classname="tests.test_gridwise" name="test_optimizer_against_independent_discrete_oracle[0]" time="0.003" /><testcase classname="tests.test_gridwise" name="test_optimizer_against_independent_discrete_oracle[1]" time="0.003" /><testcase classname="tests.test_gridwise" name="test_optimizer_against_independent_discrete_oracle[2]" time="0.003" /><testcase classname="tests.test_gridwise" name="test_optimizer_against_independent_discrete_oracle[3]" time="0.004" /><testcase classname="tests.test_gridwise" name="test_optimizer_against_independent_discrete_oracle[4]" time="0.003" /><testcase classname="tests.test_gridwise" name="test_optimizer_against_independent_discrete_oracle[5]" time="0.003" /><testcase classname="tests.test_gridwise" name="test_optimizer_against_independent_discrete_oracle[6]" time="0.003" /><testcase classname="tests.test_gridwise" name="test_optimizer_against_independent_discrete_oracle[7]" time="0.003" /><testcase classname="tests.test_gridwise" name="test_optimizer_against_independent_discrete_oracle[8]" time="0.003" /><testcase classname="tests.test_gridwise" name="test_optimizer_against_independent_discrete_oracle[9]" time="0.003" /><testcase classname="tests.test_gridwise" name="test_optimizer_against_independent_discrete_oracle[10]" time="0.003" /><testcase classname="tests.test_gridwise" name="test_optimizer_against_independent_discrete_oracle[11]" time="0.003" /><testcase classname="tests.test_gridwise" name="test_optimizer_against_independent_discrete_oracle[12]" time="0.003" /><testcase classname="tests.test_gridwise" name="test_optimizer_against_independent_discrete_oracle[13]" time="0.003" /><testcase classname="tests.test_gridwise" name="test_optimizer_against_independent_discrete_oracle[14]" time="0.003" /><testcase classname="tests.test_gridwise" name="test_optimizer_against_independent_discrete_oracle[15]" time="0.003" /><testcase classname="tests.test_gridwise" name="test_optimizer_against_independent_discrete_oracle[16]" time="0.003" /><testcase classname="tests.test_gridwise" name="test_optimizer_against_independent_discrete_oracle[17]" time="0.002" /><testcase classname="tests.test_gridwise" name="test_optimizer_against_independent_discrete_oracle[18]" time="0.003" /><testcase classname="tests.test_gridwise" name="test_optimizer_against_independent_discrete_oracle[19]" time="0.003" /><testcase classname="tests.test_gridwise" name="test_replay_rejects_noninteger_hour" time="0.002" /></testsuite></testsuites>